This file contains any messages produced by compilers while
running configure, to aid debugging if configure makes a mistake.

It was created by cholla configure 0.1, which was
generated by GNU Autoconf 2.69.  Invocation command line was

  $ ./configure --enable-cuda

## --------- ##
## Platform. ##
## --------- ##

hostname = dhcp-169-233-186-74.cruznet.ucsc.edu
uname -m = x86_64
uname -r = 15.3.0
uname -s = Darwin
uname -v = Darwin Kernel Version 15.3.0: Thu Dec 10 18:40:58 PST 2015; root:xnu-3248.30.4~1/RELEASE_X86_64

/usr/bin/uname -p = i386
/bin/uname -X     = unknown

/bin/arch              = unknown
/usr/bin/arch -k       = unknown
/usr/convex/getsysinfo = unknown
/usr/bin/hostinfo      = Mach kernel version:
	 Darwin Kernel Version 15.3.0: Thu Dec 10 18:40:58 PST 2015; root:xnu-3248.30.4~1/RELEASE_X86_64
Kernel configured for up to 8 processors.
4 processors are physically available.
8 processors are logically available.
Processor type: x86_64h (Intel x86-64h Haswell)
Processors active: 0 1 2 3 4 5 6 7
Primary memory available: 16.00 gigabytes
Default processor set: 327 tasks, 1451 threads, 8 processors
Load average: 1.18, Mach factor: 6.81
/bin/machine           = unknown
/usr/bin/oslevel       = unknown
/bin/universe          = unknown

PATH: /Users/evan/code/anaconda/bin
PATH: /Developer/NVIDIA/CUDA-7.5/bin
PATH: /Users/evan/bin
PATH: /usr/local/bin
PATH: /usr/bin
PATH: /bin
PATH: /usr/sbin
PATH: /sbin
PATH: /usr/texbin
PATH: +/usr/local/bin


## ----------- ##
## Core tests. ##
## ----------- ##

configure:2085: checking for gcc
configure:2101: found /usr/local/bin/gcc
configure:2112: result: gcc
configure:2341: checking for C compiler version
configure:2350: gcc --version >&5
gcc (Homebrew gcc 5.3.0) 5.3.0
Copyright (C) 2015 Free Software Foundation, Inc.
This is free software; see the source for copying conditions.  There is NO
warranty; not even for MERCHANTABILITY or FITNESS FOR A PARTICULAR PURPOSE.

configure:2361: $? = 0
configure:2350: gcc -v >&5
Using built-in specs.
COLLECT_GCC=gcc
COLLECT_LTO_WRAPPER=/usr/local/Cellar/gcc/5.3.0/libexec/gcc/x86_64-apple-darwin15.2.0/5.3.0/lto-wrapper
Target: x86_64-apple-darwin15.2.0
Configured with: ../configure --build=x86_64-apple-darwin15.2.0 --prefix=/usr/local/Cellar/gcc/5.3.0 --libdir=/usr/local/Cellar/gcc/5.3.0/lib/gcc/5 --enable-languages=c,c++,objc,obj-c++,fortran --program-suffix=-5 --with-gmp=/usr/local/opt/gmp --with-mpfr=/usr/local/opt/mpfr --with-mpc=/usr/local/opt/libmpc --with-isl=/usr/local/opt/isl --with-system-zlib --enable-libstdcxx-time=yes --enable-stage1-checking --enable-checking=release --enable-lto --with-build-config=bootstrap-debug --disable-werror --with-pkgversion='Homebrew gcc 5.3.0' --with-bugurl=https://github.com/Homebrew/homebrew/issues --enable-plugin --disable-nls --enable-multilib --with-native-system-header-dir=/usr/include --with-sysroot=/Applications/Xcode.app/Contents/Developer/Platforms/MacOSX.platform/Developer/SDKs/MacOSX10.11.sdk
Thread model: posix
gcc version 5.3.0 (Homebrew gcc 5.3.0) 
configure:2361: $? = 0
configure:2350: gcc -V >&5
gcc: error: unrecognized command line option '-V'
gcc: fatal error: no input files
compilation terminated.
configure:2361: $? = 1
configure:2350: gcc -qversion >&5
gcc: error: unrecognized command line option '-qversion'
gcc: fatal error: no input files
compilation terminated.
configure:2361: $? = 1
configure:2381: checking whether the C compiler works
configure:2403: gcc    conftest.c  >&5
configure:2407: $? = 0
configure:2455: result: yes
configure:2458: checking for C compiler default output file name
configure:2460: result: a.out
configure:2466: checking for suffix of executables
configure:2473: gcc -o conftest    conftest.c  >&5
configure:2477: $? = 0
configure:2499: result: 
configure:2521: checking whether we are cross compiling
configure:2529: gcc -o conftest    conftest.c  >&5
configure:2533: $? = 0
configure:2540: ./conftest
configure:2544: $? = 0
configure:2559: result: no
configure:2564: checking for suffix of object files
configure:2586: gcc -c   conftest.c >&5
configure:2590: $? = 0
configure:2611: result: o
configure:2615: checking whether we are using the GNU C compiler
configure:2634: gcc -c   conftest.c >&5
configure:2634: $? = 0
configure:2643: result: yes
configure:2652: checking whether gcc accepts -g
configure:2672: gcc -c -g  conftest.c >&5
configure:2672: $? = 0
configure:2713: result: yes
configure:2730: checking for gcc option to accept ISO C89
configure:2793: gcc  -c -g -O2  conftest.c >&5
configure:2793: $? = 0
configure:2806: result: none needed
configure:2869: checking for a BSD-compatible install
configure:2937: result: /usr/bin/install -c
configure:3149: checking how to run the C preprocessor
configure:3180: gcc -E  conftest.c
configure:3180: $? = 0
configure:3194: gcc -E  conftest.c
conftest.c:9:28: fatal error: ac_nonexistent.h: No such file or directory
compilation terminated.
configure:3194: $? = 1
configure: failed program was:
| /* confdefs.h */
| #define PACKAGE_NAME "cholla"
| #define PACKAGE_TARNAME "cholla"
| #define PACKAGE_VERSION "0.1"
| #define PACKAGE_STRING "cholla 0.1"
| #define PACKAGE_BUGREPORT "eschneider@as.arizona.edu"
| #define PACKAGE_URL ""
| /* end confdefs.h.  */
| #include <ac_nonexistent.h>
configure:3219: result: gcc -E
configure:3239: gcc -E  conftest.c
configure:3239: $? = 0
configure:3253: gcc -E  conftest.c
conftest.c:9:28: fatal error: ac_nonexistent.h: No such file or directory
compilation terminated.
configure:3253: $? = 1
configure: failed program was:
| /* confdefs.h */
| #define PACKAGE_NAME "cholla"
| #define PACKAGE_TARNAME "cholla"
| #define PACKAGE_VERSION "0.1"
| #define PACKAGE_STRING "cholla 0.1"
| #define PACKAGE_BUGREPORT "eschneider@as.arizona.edu"
| #define PACKAGE_URL ""
| /* end confdefs.h.  */
| #include <ac_nonexistent.h>
configure:3282: checking for grep that handles long lines and -e
configure:3340: result: /usr/bin/grep
configure:3345: checking for egrep
configure:3407: result: /usr/bin/grep -E
configure:3413: checking whether gcc needs -traditional
conftest.c:9:20: fatal error: termio.h: No such file or directory
compilation terminated.
configure:3447: result: no
configure:3456: checking for strdup
configure:3456: gcc -o conftest -g -O2   conftest.c  >&5
conftest.c:32:6: warning: conflicting types for built-in function 'strdup'
 char strdup ();
      ^
configure:3456: $? = 0
configure:3456: result: yes
configure:3465: checking for ANSI C header files
configure:3485: gcc -c -g -O2  conftest.c >&5
configure:3485: $? = 0
configure:3558: gcc -o conftest -g -O2   conftest.c  >&5
configure:3558: $? = 0
configure:3558: ./conftest
configure:3558: $? = 0
configure:3569: result: yes
configure:3582: checking for sys/types.h
configure:3582: gcc -c -g -O2  conftest.c >&5
configure:3582: $? = 0
configure:3582: result: yes
configure:3582: checking for sys/stat.h
configure:3582: gcc -c -g -O2  conftest.c >&5
configure:3582: $? = 0
configure:3582: result: yes
configure:3582: checking for stdlib.h
configure:3582: gcc -c -g -O2  conftest.c >&5
configure:3582: $? = 0
configure:3582: result: yes
configure:3582: checking for string.h
configure:3582: gcc -c -g -O2  conftest.c >&5
configure:3582: $? = 0
configure:3582: result: yes
configure:3582: checking for memory.h
configure:3582: gcc -c -g -O2  conftest.c >&5
configure:3582: $? = 0
configure:3582: result: yes
configure:3582: checking for strings.h
configure:3582: gcc -c -g -O2  conftest.c >&5
configure:3582: $? = 0
configure:3582: result: yes
configure:3582: checking for inttypes.h
configure:3582: gcc -c -g -O2  conftest.c >&5
configure:3582: $? = 0
configure:3582: result: yes
configure:3582: checking for stdint.h
configure:3582: gcc -c -g -O2  conftest.c >&5
configure:3582: $? = 0
configure:3582: result: yes
configure:3582: checking for unistd.h
configure:3582: gcc -c -g -O2  conftest.c >&5
configure:3582: $? = 0
configure:3582: result: yes
configure:3594: checking whether byte ordering is bigendian
configure:3609: gcc -c -g -O2  conftest.c >&5
configure:3609: $? = 0
configure:3654: gcc -c -g -O2  conftest.c >&5
configure:3654: $? = 0
configure:3672: gcc -c -g -O2  conftest.c >&5
conftest.c: In function 'main':
conftest.c:27:4: error: unknown type name 'not'
    not big endian
    ^
conftest.c:27:12: error: expected '=', ',', ';', 'asm' or '__attribute__' before 'endian'
    not big endian
            ^
configure:3672: $? = 1
configure: failed program was:
| /* confdefs.h */
| #define PACKAGE_NAME "cholla"
| #define PACKAGE_TARNAME "cholla"
| #define PACKAGE_VERSION "0.1"
| #define PACKAGE_STRING "cholla 0.1"
| #define PACKAGE_BUGREPORT "eschneider@as.arizona.edu"
| #define PACKAGE_URL ""
| #define HAVE_STRDUP 1
| #define STDC_HEADERS 1
| #define HAVE_SYS_TYPES_H 1
| #define HAVE_SYS_STAT_H 1
| #define HAVE_STDLIB_H 1
| #define HAVE_STRING_H 1
| #define HAVE_MEMORY_H 1
| #define HAVE_STRINGS_H 1
| #define HAVE_INTTYPES_H 1
| #define HAVE_STDINT_H 1
| #define HAVE_UNISTD_H 1
| /* end confdefs.h.  */
| #include <sys/types.h>
| 		#include <sys/param.h>
| 
| int
| main ()
| {
| #if BYTE_ORDER != BIG_ENDIAN
| 		 not big endian
| 		#endif
| 
|   ;
|   return 0;
| }
configure:3800: result: no
configure:3986: creating ./config.status

## ---------------------- ##
## Running config.status. ##
## ---------------------- ##

This file was extended by cholla config.status 0.1, which was
generated by GNU Autoconf 2.69.  Invocation command line was

  CONFIG_FILES    = 
  CONFIG_HEADERS  = 
  CONFIG_LINKS    = 
  CONFIG_COMMANDS = 
  $ ./config.status 

on dhcp-169-233-186-74.cruznet.ucsc.edu

config.status:744: creating Makefile
config.status:744: creating Makeoptions
config.status:744: creating src/Makefile

## ---------------- ##
## Cache variables. ##
## ---------------- ##

ac_cv_c_bigendian=no
ac_cv_c_compiler_gnu=yes
ac_cv_env_CC_set=
ac_cv_env_CC_value=
ac_cv_env_CFLAGS_set=
ac_cv_env_CFLAGS_value=
ac_cv_env_CPPFLAGS_set=
ac_cv_env_CPPFLAGS_value=
ac_cv_env_CPP_set=
ac_cv_env_CPP_value=
ac_cv_env_LDFLAGS_set=
ac_cv_env_LDFLAGS_value=
ac_cv_env_LIBS_set=
ac_cv_env_LIBS_value=
ac_cv_env_build_alias_set=
ac_cv_env_build_alias_value=
ac_cv_env_host_alias_set=
ac_cv_env_host_alias_value=
ac_cv_env_target_alias_set=
ac_cv_env_target_alias_value=
ac_cv_func_strdup=yes
ac_cv_header_inttypes_h=yes
ac_cv_header_memory_h=yes
ac_cv_header_stdc=yes
ac_cv_header_stdint_h=yes
ac_cv_header_stdlib_h=yes
ac_cv_header_string_h=yes
ac_cv_header_strings_h=yes
ac_cv_header_sys_stat_h=yes
ac_cv_header_sys_types_h=yes
ac_cv_header_unistd_h=yes
ac_cv_objext=o
ac_cv_path_EGREP='/usr/bin/grep -E'
ac_cv_path_GREP=/usr/bin/grep
ac_cv_path_install='/usr/bin/install -c'
ac_cv_prog_CPP='gcc -E'
ac_cv_prog_ac_ct_CC=gcc
ac_cv_prog_cc_c89=
ac_cv_prog_cc_g=yes
ac_cv_prog_gcc_traditional=no

## ----------------- ##
## Output variables. ##
## ----------------- ##

A_CONFIGURE_DATE='Sun Feb  7 14:14:12 PST 2016'
CC='gcc'
CFLAGS='-g -O2'
CPP='gcc -E'
CPPFLAGS=''
CUDA_MODE='CUDA'
DEFS='-DPACKAGE_NAME=\"cholla\" -DPACKAGE_TARNAME=\"cholla\" -DPACKAGE_VERSION=\"0.1\" -DPACKAGE_STRING=\"cholla\ 0.1\" -DPACKAGE_BUGREPORT=\"eschneider@as.arizona.edu\" -DPACKAGE_URL=\"\" -DHAVE_STRDUP=1 -DSTDC_HEADERS=1 -DHAVE_SYS_TYPES_H=1 -DHAVE_SYS_STAT_H=1 -DHAVE_STDLIB_H=1 -DHAVE_STRING_H=1 -DHAVE_MEMORY_H=1 -DHAVE_STRINGS_H=1 -DHAVE_INTTYPES_H=1 -DHAVE_STDINT_H=1 -DHAVE_UNISTD_H=1'
ECHO_C='\c'
ECHO_N=''
ECHO_T=''
EGREP='/usr/bin/grep -E'
EXEEXT=''
FLUX_NAME='roe'
GREP='/usr/bin/grep'
H_CORRECTION_MODE='NO_H_CORRECTION'
INSTALL_DATA='${INSTALL} -m 644'
INSTALL_PROGRAM='${INSTALL}'
INSTALL_SCRIPT='${INSTALL}'
INTEGRATOR='CTU'
INTEGRATOR_NAME='ctu'
LDFLAGS=''
LIBOBJS=''
LIBS=''
LTLIBOBJS=''
MPI_MODE='NO_MPI_CHOLLA'
OBJEXT='o'
ORDER='3'
OUTPUT='HDF5'
OUTPUT_NAME='hdf5'
PACKAGE_BUGREPORT='eschneider@as.arizona.edu'
PACKAGE_NAME='cholla'
PACKAGE_STRING='cholla 0.1'
PACKAGE_TARNAME='cholla'
PACKAGE_URL=''
PACKAGE_VERSION='0.1'
PATH_SEPARATOR=':'
PRECISION='PRECISION=2'
RECONSTRUCTION='PPMC'
SHELL='/bin/sh'
SOLVER='ROE'
WARNING1='WARNING! This file has been automatically generated by configure.'
WARNING2='Any changes to it will be overwritten the next time configure is run.'
ac_ct_CC='gcc'
bindir='${exec_prefix}/bin'
build_alias=''
datadir='${datarootdir}'
datarootdir='${prefix}/share'
docdir='${datarootdir}/doc/${PACKAGE_TARNAME}'
dvidir='${docdir}'
exec_prefix='${prefix}'
host_alias=''
htmldir='${docdir}'
includedir='${prefix}/include'
infodir='${datarootdir}/info'
libdir='${exec_prefix}/lib'
libexecdir='${exec_prefix}/libexec'
localedir='${datarootdir}/locale'
localstatedir='${prefix}/var'
mandir='${datarootdir}/man'
oldincludedir='/usr/include'
pdfdir='${docdir}'
prefix='/usr/local'
program_transform_name='s,x,x,'
psdir='${docdir}'
sbindir='${exec_prefix}/sbin'
sharedstatedir='${prefix}/com'
sysconfdir='${prefix}/etc'
target_alias=''

## ----------- ##
## confdefs.h. ##
## ----------- ##

/* confdefs.h */
#define PACKAGE_NAME "cholla"
#define PACKAGE_TARNAME "cholla"
#define PACKAGE_VERSION "0.1"
#define PACKAGE_STRING "cholla 0.1"
#define PACKAGE_BUGREPORT "eschneider@as.arizona.edu"
#define PACKAGE_URL ""
#define HAVE_STRDUP 1
#define STDC_HEADERS 1
#define HAVE_SYS_TYPES_H 1
#define HAVE_SYS_STAT_H 1
#define HAVE_STDLIB_H 1
#define HAVE_STRING_H 1
#define HAVE_MEMORY_H 1
#define HAVE_STRINGS_H 1
#define HAVE_INTTYPES_H 1
#define HAVE_STDINT_H 1
#define HAVE_UNISTD_H 1

configure: exit 0
